#-----------------------------------------------------------
# Vivado v2019.1 (64-bit)
# SW Build 2552052 on Fri May 24 14:49:42 MDT 2019
# IP Build 2548770 on Fri May 24 18:01:18 MDT 2019
# Start of session at: Mon Mar  1 20:17:02 2021
# Process ID: 5440
# Current directory: C:/Users/batta/Documents/GitHub/ProgettoES1/progettoAXI4
# Command line: vivado.exe -gui_launcher_event rodinguilauncherevent11384 C:\Users\batta\Documents\GitHub\ProgettoES1\progettoAXI4\progettoAXI4.xpr
# Log file: C:/Users/batta/Documents/GitHub/ProgettoES1/progettoAXI4/vivado.log
# Journal file: C:/Users/batta/Documents/GitHub/ProgettoES1/progettoAXI4\vivado.jou
#-----------------------------------------------------------
start_gui
open_project C:/Users/batta/Documents/GitHub/ProgettoES1/progettoAXI4/progettoAXI4.xpr
INFO: [Project 1-313] Project file moved from 'C:/Users/baroj/Documents/GitHub/ProgettoES1/progettoAXI4' since last save.
Scanning sources...
Finished scanning sources
WARNING: [filemgmt 56-3] IP Repository Path: Could not find the directory 'E:/ProgettoEs/vivado/Arm_ipi_repository'.
WARNING: [filemgmt 56-2] IPUserFilesDir: Could not find the directory 'C:/Users/batta/Documents/GitHub/ProgettoES1/progettoAXI4/progettoAXI4.ip_user_files', nor could it be found using path 'C:/Users/baroj/Documents/GitHub/ProgettoES1/progettoAXI4/progettoAXI4.ip_user_files'.
INFO: [IP_Flow 19-234] Refreshing IP repositories
WARNING: [IP_Flow 19-2248] Failed to load user IP repository 'e:/ProgettoEs/vivado/Arm_ipi_repository'; Can't find the specified path.
If this directory should no longer be in your list of user repositories, go to the IP Settings dialog and remove it.
INFO: [IP_Flow 19-2313] Loaded Vivado IP repository 'C:/Xilinx/Vivado/2019.1/data/ip'.
open_project: Time (s): cpu = 00:00:21 ; elapsed = 00:00:10 . Memory (MB): peak = 775.148 ; gain = 110.375
update_compile_order -fileset sources_1
exit
INFO: [Common 17-206] Exiting Vivado at Mon Mar  1 20:20:30 2021...
